<?xml version="1.0" encoding="UTF-8"?>
<!-- Generated by org.testng.reporters.JUnitReportReporter -->
<testsuite hostname="helilshahyars-iMac.local" failures="0" tests="2" name="api_tests.PetStoreUserAPI_Tests" time="1.183" errors="0" timestamp="2023-09-28T18:56:42 EDT" skipped="0">
  <testcase classname="api_tests.PetStoreUserAPI_Tests" name="updateExistingUser" time="0.162"/>
  <testcase classname="api_tests.PetStoreUserAPI_Tests" name="createNewUser" time="1.021"/>
</testsuite> <!-- api_tests.PetStoreUserAPI_Tests -->
