<?xml version="1.0" encoding="UTF-8"?>
<!-- Generated by org.testng.reporters.JUnitReportReporter -->
<testsuite hostname="helilshahyars-iMac.local" failures="0" tests="6" name="api_tests.PetStoreAPI_Tests" time="3.036" errors="0" timestamp="2023-09-25T21:21:28 EDT" skipped="0">
  <testcase classname="api_tests.PetStoreAPI_Tests" name="getPetsByStatus" time="0.112"/>
  <testcase classname="api_tests.PetStoreAPI_Tests" name="getApetByID" time="0.188"/>
  <testcase classname="api_tests.PetStoreAPI_Tests" name="delete_the_pet" time="1.091"/>
  <testcase classname="api_tests.PetStoreAPI_Tests" name="update_a_pet" time="0.135"/>
  <testcase classname="api_tests.PetStoreAPI_Tests" name="invalidGetPetByID" time="0.101"/>
  <testcase classname="api_tests.PetStoreAPI_Tests" name="create_a_pet" time="1.409"/>
</testsuite> <!-- api_tests.PetStoreAPI_Tests -->
