<?xml version="1.0" encoding="UTF-8"?>
<!-- Generated by org.testng.reporters.JUnitReportReporter -->
<testsuite hostname="helilshahyars-iMac.local" failures="0" tests="6" name="api_tests.PetStoreAPI_Tests" time="5.346" errors="0" timestamp="2023-10-03T19:57:41 EDT" skipped="0">
  <testcase classname="api_tests.PetStoreAPI_Tests" name="getApetByID" time="0.181"/>
  <testcase classname="api_tests.PetStoreAPI_Tests" name="create_a_pet" time="4.732"/>
  <testcase classname="api_tests.PetStoreAPI_Tests" name="update_a_pet" time="0.107"/>
  <testcase classname="api_tests.PetStoreAPI_Tests" name="delete_the_pet" time="0.095"/>
  <testcase classname="api_tests.PetStoreAPI_Tests" name="getPetsByStatus" time="0.116"/>
  <testcase classname="api_tests.PetStoreAPI_Tests" name="invalidGetPetByID" time="0.115"/>
</testsuite> <!-- api_tests.PetStoreAPI_Tests -->
