<?xml version="1.0" encoding="UTF-8"?>
<!-- Generated by org.testng.reporters.JUnitReportReporter -->
<testsuite hostname="helilshahyars-iMac.local" failures="0" tests="2" name="api_tests.PetStoreUserAPI_Tests" time="7.942" errors="0" timestamp="2023-09-27T21:29:02 EDT" skipped="0">
  <testcase classname="api_tests.PetStoreUserAPI_Tests" name="createNewUser" time="7.446"/>
  <testcase classname="api_tests.PetStoreUserAPI_Tests" name="getAUserWithUserName" time="0.496"/>
</testsuite> <!-- api_tests.PetStoreUserAPI_Tests -->
