<?xml version="1.0" encoding="UTF-8"?>
<!-- Generated by org.testng.reporters.JUnitReportReporter -->
<testsuite hostname="helilshahyars-iMac.local" failures="0" tests="5" name="api_tests.CraterApiTests" time="1.112" errors="0" timestamp="2023-10-03T19:57:41 EDT" skipped="0">
  <testcase classname="api_tests.CraterApiTests" name="logout" time="0.109"/>
  <testcase classname="api_tests.CraterApiTests" name="login" time="0.338"/>
  <testcase classname="api_tests.CraterApiTests" name="fakerTest" time="0.140"/>
  <testcase classname="api_tests.CraterApiTests" name="create_an_item" time="0.362"/>
  <testcase classname="api_tests.CraterApiTests" name="delete_the_item" time="0.163"/>
</testsuite> <!-- api_tests.CraterApiTests -->
