<?xml version="1.0" encoding="UTF-8"?>
<!-- Generated by org.testng.reporters.JUnitReportReporter -->
<testsuite hostname="helilshahyars-iMac.local" failures="0" tests="5" name="api_tests.CraterCustomersAPITests" time="4.370" errors="0" timestamp="2023-09-28T21:35:20 EDT" skipped="0">
  <testcase classname="api_tests.CraterCustomersAPITests" name="updateExisitingCustomer" time="0.344"/>
  <testcase classname="api_tests.CraterCustomersAPITests" name="craterLogin" time="1.382"/>
  <testcase classname="api_tests.CraterCustomersAPITests" name="retrieveCustomerWithId" time="0.300"/>
  <testcase classname="api_tests.CraterCustomersAPITests" name="listAllCustomers" time="1.884"/>
  <testcase classname="api_tests.CraterCustomersAPITests" name="createNewCustomer" time="0.460"/>
</testsuite> <!-- api_tests.CraterCustomersAPITests -->
