<?xml version="1.0" encoding="UTF-8"?>
<!-- Generated by org.testng.reporters.JUnitReportReporter -->
<testsuite hostname="helilshahyars-iMac.local" failures="0" tests="1" name="api_tests.PetStoreAPI_Tests" time="1.567" errors="0" timestamp="2023-09-21T21:32:11 EDT" skipped="0">
  <testcase classname="api_tests.PetStoreAPI_Tests" name="getApetByID" time="1.567"/>
</testsuite> <!-- api_tests.PetStoreAPI_Tests -->
