<?xml version="1.0" encoding="UTF-8"?>
<!-- Generated by org.testng.reporters.JUnitReportReporter -->
<testsuite hostname="helilshahyars-iMac.local" failures="0" tests="4" name="api_tests.CraterApiTests" time="2.127" errors="0" timestamp="2023-09-26T21:25:27 EDT" skipped="0">
  <testcase classname="api_tests.CraterApiTests" name="login" time="1.424"/>
  <testcase classname="api_tests.CraterApiTests" name="create_an_item" time="0.426"/>
  <testcase classname="api_tests.CraterApiTests" name="logout" time="0.113"/>
  <testcase classname="api_tests.CraterApiTests" name="delete_the_item" time="0.164"/>
</testsuite> <!-- api_tests.CraterApiTests -->
